<?xml version="1.0" encoding="UTF-8"?>
<testsuite xmlns:xsi="http://www.w3.org/2001/XMLSchema-instance" xsi:noNamespaceSchemaLocation="https://maven.apache.org/surefire/maven-surefire-plugin/xsd/surefire-test-report-3.0.xsd" version="3.0" name="com.miApp.ActivoTest" time="0.701" tests="2" errors="0" skipped="0" failures="0">
  <properties>
[...]
</properties>
  <testcase name="testCreacionActivo" classname="com.miApp.ActivoTest" time="0.531"/>
  <testcase name="testValidaciones" classname="com.miApp.ActivoTest" time="0.049"/>
</testsuite>